2025-07-17 16:45:33,500 [INFO] Starting Final AI Agent Schedule Update...
2025-07-17 16:45:33,501 [INFO] Creating Final AI Agents Router with New Schedule...
2025-07-17 16:45:33,501 [INFO] Created final AI agents router: app\routers\ai_agents_final.py
2025-07-17 16:45:33,502 [INFO] Updating main app to use final AI agents router...
2025-07-17 16:45:33,502 [INFO] Created final main app: main_final.py
2025-07-17 16:45:33,502 [INFO] Creating final startup script...
2025-07-17 16:45:33,503 [INFO] Created final startup script: start_final_backend.sh
2025-07-17 16:45:33,503 [INFO] Creating final deployment script...
2025-07-17 16:45:33,504 [INFO] Created final deployment script: deploy_final_schedule.sh
2025-07-17 16:45:33,504 [INFO] Final AI Agent Schedule Update completed successfully!
2025-07-17 16:45:33,504 [INFO] Created files:
2025-07-17 16:45:33,504 [INFO] * app/routers/ai_agents_final.py
2025-07-17 16:45:33,504 [INFO] * main_final.py
2025-07-17 16:45:33,504 [INFO] * start_final_backend.sh
2025-07-17 16:45:33,504 [INFO] * deploy_final_schedule.sh
2025-07-17 16:45:33,505 [INFO] 
2025-07-17 16:45:33,505 [INFO] To deploy:
2025-07-17 16:45:33,505 [INFO] 1. Run: chmod +x deploy_final_schedule.sh
2025-07-17 16:45:33,505 [INFO] 2. Run: ./deploy_final_schedule.sh
2025-07-17 16:45:33,505 [INFO] 
2025-07-17 16:45:33,505 [INFO] Final Schedule:
2025-07-17 16:45:33,505 [INFO] * Imperium: Every 1 hour (starts immediately)
2025-07-17 16:45:33,505 [INFO] * Custodes: Tests after Imperium completes
2025-07-17 16:45:33,505 [INFO] * Guardian: 30-40 minutes after Custodes
2025-07-17 16:45:33,505 [INFO] * Custodes: Tests after Guardian
2025-07-17 16:45:33,506 [INFO] * Sandbox: Every 2 hours
2025-07-17 16:45:33,506 [INFO] * Custodes: Tests after Sandbox
